TN:
SF:src/app.ts
FN:12,(anonymous_7)
FN:22,(anonymous_8)
FN:27,(anonymous_9)
FN:36,(anonymous_10)
FN:40,(anonymous_11)
FN:45,(anonymous_12)
FNF:6
FNH:6
FNDA:1,(anonymous_7)
FNDA:1,(anonymous_8)
FNDA:1,(anonymous_9)
FNDA:1,(anonymous_10)
FNDA:1,(anonymous_11)
FNDA:1,(anonymous_12)
DA:1,1
DA:2,1
DA:3,1
DA:4,1
DA:5,1
DA:6,1
DA:7,1
DA:13,1
DA:14,1
DA:15,1
DA:16,1
DA:17,1
DA:18,1
DA:19,1
DA:23,1
DA:24,1
DA:28,1
DA:32,1
DA:33,1
DA:37,1
DA:41,1
DA:42,1
DA:46,1
DA:50,1
LF:24
LH:24
BRDA:13,0,0,1
BRDA:13,0,1,0
BRF:2
BRH:1
end_of_record
TN:
SF:src/routes.ts
FNF:0
FNH:0
DA:1,1
DA:2,1
DA:3,1
DA:4,1
DA:5,1
DA:7,1
DA:9,1
DA:11,1
DA:12,1
DA:25,1
DA:27,1
DA:45,1
DA:47,1
LF:13
LH:13
BRF:0
BRH:0
end_of_record
TN:
SF:src/server.ts
FN:5,(anonymous_1)
FNF:1
FNH:1
FNDA:1,(anonymous_1)
DA:1,1
DA:3,1
DA:5,1
DA:6,1
DA:9,1
LF:5
LH:5
BRDA:3,0,0,1
BRDA:3,0,1,1
BRF:2
BRH:2
end_of_record
TN:
SF:src/controllers/ClientsController.ts
FN:5,(anonymous_0)
FN:14,(anonymous_1)
FNF:2
FNH:0
FNDA:0,(anonymous_0)
FNDA:0,(anonymous_1)
DA:1,1
DA:6,0
DA:7,0
DA:8,0
DA:10,0
DA:15,0
DA:16,0
DA:18,0
DA:19,0
DA:22,0
DA:23,0
DA:25,0
DA:51,1
LF:13
LH:2
BRDA:18,0,0,0
BRDA:18,0,1,0
BRF:2
BRH:0
end_of_record
TN:
SF:src/controllers/MainController.ts
FN:4,(anonymous_0)
FNF:1
FNH:0
FNDA:0,(anonymous_0)
DA:5,0
DA:6,0
DA:9,1
LF:3
LH:1
BRF:0
BRH:0
end_of_record
TN:
SF:src/controllers/UsersController.ts
FN:7,(anonymous_6)
FN:16,(anonymous_7)
FN:37,(anonymous_8)
FN:58,(anonymous_9)
FNF:4
FNH:1
FNDA:1,(anonymous_6)
FNDA:0,(anonymous_7)
FNDA:0,(anonymous_8)
FNDA:0,(anonymous_9)
DA:1,1
DA:2,1
DA:4,1
DA:8,1
DA:9,1
DA:10,0
DA:12,0
DA:17,0
DA:18,0
DA:20,0
DA:21,0
DA:24,0
DA:25,0
DA:28,0
DA:29,0
DA:31,0
DA:33,0
DA:38,0
DA:39,0
DA:40,0
DA:42,0
DA:43,0
DA:46,0
DA:47,0
DA:50,0
DA:52,0
DA:54,0
DA:59,0
DA:60,0
DA:61,0
DA:63,0
DA:64,0
DA:69,1
LF:33
LH:6
BRDA:20,0,0,0
BRDA:20,0,1,0
BRDA:24,1,0,0
BRDA:24,1,1,0
BRDA:24,2,0,0
BRDA:24,2,1,0
BRDA:42,3,0,0
BRDA:42,3,1,0
BRDA:46,4,0,0
BRDA:46,4,1,0
BRF:10
BRH:0
end_of_record
TN:
SF:src/middlewares/checkJwt.ts
FN:4,checkJwt
FN:23,(anonymous_7)
FNF:2
FNH:0
FNDA:0,checkJwt
FNDA:0,(anonymous_7)
DA:2,0
DA:4,0
DA:5,0
DA:7,0
DA:8,0
DA:11,0
DA:13,0
DA:14,0
DA:17,0
DA:19,0
DA:20,0
DA:23,0
DA:24,0
DA:25,0
DA:27,0
DA:28,0
LF:16
LH:0
BRDA:7,0,0,0
BRDA:7,0,1,0
BRDA:13,1,0,0
BRDA:13,1,1,0
BRDA:19,2,0,0
BRDA:19,2,1,0
BRDA:24,3,0,0
BRDA:24,3,1,0
BRF:8
BRH:0
end_of_record
TN:
SF:src/models/Client.ts
FNF:0
FNH:0
DA:2,1
DA:6,1
DA:71,1
LF:3
LH:3
BRF:0
BRH:0
end_of_record
TN:
SF:src/models/User.ts
FN:38,(anonymous_6)
FN:44,(anonymous_7)
FNF:2
FNH:0
FNDA:0,(anonymous_6)
FNDA:0,(anonymous_7)
DA:2,1
DA:3,1
DA:9,1
DA:38,1
DA:39,0
DA:40,0
DA:41,0
DA:44,1
DA:45,0
DA:48,1
LF:10
LH:6
BRF:0
BRH:0
end_of_record
